{"/Users/luthfihariz/workspace/revou/ai-assisted-dev/revou-fintrack-api/src/accounts/accounts.service.ts": {"path":"/Users/luthfihariz/workspace/revou/ai-assisted-dev/revou-fintrack-api/src/accounts/accounts.service.ts","statementMap":{"0":{"start":{"line":1,"column":0},"end":{"line":1,"column":83}},"1":{"start":{"line":2,"column":0},"end":{"line":2,"column":57}},"2":{"start":{"line":8,"column":7},"end":{"line":94,"column":null}},"3":{"start":{"line":9,"column":31},"end":{"line":9,"column":39}},"4":{"start":{"line":12,"column":4},"end":{"line":19,"column":7}},"5":{"start":{"line":24,"column":4},"end":{"line":27,"column":7}},"6":{"start":{"line":31,"column":20},"end":{"line":31,"column":51}},"7":{"start":{"line":32,"column":4},"end":{"line":32,"column":19}},"8":{"start":{"line":37,"column":4},"end":{"line":37,"column":36}},"9":{"start":{"line":38,"column":4},"end":{"line":42,"column":7}},"10":{"start":{"line":46,"column":4},"end":{"line":46,"column":36}},"11":{"start":{"line":47,"column":4},"end":{"line":54,"column":7}},"12":{"start":{"line":58,"column":4},"end":{"line":58,"column":36}},"13":{"start":{"line":59,"column":4},"end":{"line":62,"column":7}},"14":{"start":{"line":66,"column":4},"end":{"line":66,"column":36}},"15":{"start":{"line":67,"column":4},"end":{"line":67,"column":56}},"16":{"start":{"line":68,"column":4},"end":{"line":68,"column":33}},"17":{"start":{"line":73,"column":20},"end":{"line":73,"column":75}},"18":{"start":{"line":74,"column":4},"end":{"line":76,"column":5}},"19":{"start":{"line":75,"column":6},"end":{"line":75,"column":61}},"20":{"start":{"line":77,"column":4},"end":{"line":79,"column":5}},"21":{"start":{"line":78,"column":6},"end":{"line":78,"column":66}},"22":{"start":{"line":80,"column":4},"end":{"line":80,"column":19}},"23":{"start":{"line":85,"column":4},"end":{"line":85,"column":51}},"24":{"start":{"line":90,"column":4},"end":{"line":92,"column":7}},"25":{"start":{"line":8,"column":13},"end":{"line":8,"column":28}},"26":{"start":{"line":8,"column":13},"end":{"line":94,"column":null}}},"fnMap":{"0":{"name":"(anonymous_2)","decl":{"start":{"line":9,"column":2},"end":{"line":9,"column":31}},"loc":{"start":{"line":9,"column":52},"end":{"line":9,"column":56}}},"1":{"name":"(anonymous_3)","decl":{"start":{"line":11,"column":2},"end":{"line":11,"column":8}},"loc":{"start":{"line":11,"column":46},"end":{"line":20,"column":3}}},"2":{"name":"(anonymous_4)","decl":{"start":{"line":23,"column":2},"end":{"line":23,"column":9}},"loc":{"start":{"line":23,"column":24},"end":{"line":28,"column":3}}},"3":{"name":"(anonymous_5)","decl":{"start":{"line":30,"column":2},"end":{"line":30,"column":7}},"loc":{"start":{"line":30,"column":42},"end":{"line":33,"column":3}}},"4":{"name":"(anonymous_6)","decl":{"start":{"line":36,"column":2},"end":{"line":36,"column":7}},"loc":{"start":{"line":36,"column":51},"end":{"line":43,"column":3}}},"5":{"name":"(anonymous_7)","decl":{"start":{"line":45,"column":2},"end":{"line":45,"column":7}},"loc":{"start":{"line":45,"column":64},"end":{"line":55,"column":3}}},"6":{"name":"(anonymous_8)","decl":{"start":{"line":57,"column":2},"end":{"line":57,"column":7}},"loc":{"start":{"line":57,"column":71},"end":{"line":63,"column":3}}},"7":{"name":"(anonymous_9)","decl":{"start":{"line":65,"column":2},"end":{"line":65,"column":7}},"loc":{"start":{"line":65,"column":41},"end":{"line":69,"column":3}}},"8":{"name":"(anonymous_10)","decl":{"start":{"line":72,"column":10},"end":{"line":72,"column":15}},"loc":{"start":{"line":72,"column":51},"end":{"line":81,"column":3}}},"9":{"name":"(anonymous_11)","decl":{"start":{"line":83,"column":10},"end":{"line":83,"column":17}},"loc":{"start":{"line":83,"column":52},"end":{"line":86,"column":3}}},"10":{"name":"(anonymous_12)","decl":{"start":{"line":89,"column":2},"end":{"line":89,"column":7}},"loc":{"start":{"line":89,"column":40},"end":{"line":93,"column":3}}}},"branchMap":{"0":{"loc":{"start":{"line":17,"column":17},"end":{"line":17,"column":33}},"type":"binary-expr","locations":[{"start":{"line":17,"column":17},"end":{"line":17,"column":28}},{"start":{"line":17,"column":32},"end":{"line":17,"column":33}}]},"1":{"loc":{"start":{"line":51,"column":14},"end":{"line":51,"column":59}},"type":"cond-expr","locations":[{"start":{"line":51,"column":25},"end":{"line":51,"column":47}},{"start":{"line":51,"column":50},"end":{"line":51,"column":59}}]},"2":{"loc":{"start":{"line":74,"column":4},"end":{"line":76,"column":5}},"type":"if","locations":[{"start":{"line":74,"column":4},"end":{"line":76,"column":5}}]},"3":{"loc":{"start":{"line":77,"column":4},"end":{"line":79,"column":5}},"type":"if","locations":[{"start":{"line":77,"column":4},"end":{"line":79,"column":5}}]},"4":{"loc":{"start":{"line":85,"column":11},"end":{"line":85,"column":50}},"type":"cond-expr","locations":[{"start":{"line":85,"column":33},"end":{"line":85,"column":43}},{"start":{"line":85,"column":46},"end":{"line":85,"column":50}}]}},"s":{"0":1,"1":1,"2":1,"3":2,"4":0,"5":0,"6":1,"7":1,"8":0,"9":0,"10":0,"11":0,"12":0,"13":0,"14":0,"15":0,"16":0,"17":1,"18":1,"19":0,"20":1,"21":0,"22":1,"23":0,"24":0,"25":1,"26":1},"f":{"0":2,"1":0,"2":0,"3":1,"4":0,"5":0,"6":0,"7":0,"8":1,"9":0,"10":0},"b":{"0":[0,0],"1":[0,0],"2":[0],"3":[0],"4":[0,0]}}
,"/Users/luthfihariz/workspace/revou/ai-assisted-dev/revou-fintrack-api/src/budgets/budgets.service.ts": {"path":"/Users/luthfihariz/workspace/revou/ai-assisted-dev/revou-fintrack-api/src/budgets/budgets.service.ts","statementMap":{"0":{"start":{"line":1,"column":0},"end":{"line":1,"column":null}},"1":{"start":{"line":7,"column":0},"end":{"line":7,"column":57}},"2":{"start":{"line":11,"column":7},"end":{"line":61,"column":null}},"3":{"start":{"line":12,"column":30},"end":{"line":12,"column":38}},"4":{"start":{"line":15,"column":2},"end":{"line":17,"column":3}},"5":{"start":{"line":16,"column":3},"end":{"line":16,"column":67}},"6":{"start":{"line":19,"column":19},"end":{"line":21,"column":4}},"7":{"start":{"line":22,"column":2},"end":{"line":24,"column":3}},"8":{"start":{"line":23,"column":3},"end":{"line":23,"column":71}},"9":{"start":{"line":26,"column":2},"end":{"line":34,"column":5}},"10":{"start":{"line":38,"column":2},"end":{"line":41,"column":5}},"11":{"start":{"line":45,"column":2},"end":{"line":45,"column":34}},"12":{"start":{"line":46,"column":2},"end":{"line":46,"column":53}},"13":{"start":{"line":48,"column":2},"end":{"line":48,"column":31}},"14":{"start":{"line":52,"column":17},"end":{"line":52,"column":71}},"15":{"start":{"line":53,"column":2},"end":{"line":55,"column":3}},"16":{"start":{"line":54,"column":3},"end":{"line":54,"column":57}},"17":{"start":{"line":56,"column":2},"end":{"line":58,"column":3}},"18":{"start":{"line":57,"column":3},"end":{"line":57,"column":62}},"19":{"start":{"line":59,"column":2},"end":{"line":59,"column":16}},"20":{"start":{"line":11,"column":13},"end":{"line":11,"column":27}},"21":{"start":{"line":11,"column":13},"end":{"line":61,"column":null}}},"fnMap":{"0":{"name":"(anonymous_2)","decl":{"start":{"line":12,"column":1},"end":{"line":12,"column":30}},"loc":{"start":{"line":12,"column":51},"end":{"line":12,"column":55}}},"1":{"name":"(anonymous_3)","decl":{"start":{"line":14,"column":1},"end":{"line":14,"column":6}},"loc":{"start":{"line":14,"column":50},"end":{"line":35,"column":2}}},"2":{"name":"(anonymous_4)","decl":{"start":{"line":37,"column":1},"end":{"line":37,"column":8}},"loc":{"start":{"line":37,"column":23},"end":{"line":42,"column":2}}},"3":{"name":"(anonymous_5)","decl":{"start":{"line":44,"column":1},"end":{"line":44,"column":6}},"loc":{"start":{"line":44,"column":40},"end":{"line":49,"column":2}}},"4":{"name":"(anonymous_6)","decl":{"start":{"line":51,"column":9},"end":{"line":51,"column":14}},"loc":{"start":{"line":51,"column":50},"end":{"line":60,"column":2}}}},"branchMap":{"0":{"loc":{"start":{"line":15,"column":2},"end":{"line":17,"column":3}},"type":"if","locations":[{"start":{"line":15,"column":2},"end":{"line":17,"column":3}}]},"1":{"loc":{"start":{"line":15,"column":6},"end":{"line":15,"column":37}},"type":"binary-expr","locations":[{"start":{"line":15,"column":6},"end":{"line":15,"column":19}},{"start":{"line":15,"column":23},"end":{"line":15,"column":37}}]},"2":{"loc":{"start":{"line":22,"column":2},"end":{"line":24,"column":3}},"type":"if","locations":[{"start":{"line":22,"column":2},"end":{"line":24,"column":3}}]},"3":{"loc":{"start":{"line":53,"column":2},"end":{"line":55,"column":3}},"type":"if","locations":[{"start":{"line":53,"column":2},"end":{"line":55,"column":3}}]},"4":{"loc":{"start":{"line":56,"column":2},"end":{"line":58,"column":3}},"type":"if","locations":[{"start":{"line":56,"column":2},"end":{"line":58,"column":3}}]}},"s":{"0":1,"1":1,"2":1,"3":7,"4":4,"5":2,"6":2,"7":2,"8":1,"9":1,"10":0,"11":3,"12":1,"13":1,"14":3,"15":3,"16":1,"17":2,"18":1,"19":1,"20":1,"21":1},"f":{"0":7,"1":4,"2":0,"3":3,"4":3},"b":{"0":[2],"1":[4,3],"2":[1],"3":[1],"4":[1]}}
,"/Users/luthfihariz/workspace/revou/ai-assisted-dev/revou-fintrack-api/src/prisma/prisma.service.ts": {"path":"/Users/luthfihariz/workspace/revou/ai-assisted-dev/revou-fintrack-api/src/prisma/prisma.service.ts","statementMap":{"0":{"start":{"line":1,"column":0},"end":{"line":1,"column":75}},"1":{"start":{"line":2,"column":0},"end":{"line":2,"column":46}},"2":{"start":{"line":5,"column":7},"end":{"line":13,"column":null}},"3":{"start":{"line":7,"column":4},"end":{"line":7,"column":26}},"4":{"start":{"line":11,"column":4},"end":{"line":11,"column":29}},"5":{"start":{"line":5,"column":13},"end":{"line":5,"column":26}},"6":{"start":{"line":5,"column":13},"end":{"line":13,"column":null}}},"fnMap":{"0":{"name":"(anonymous_1)","decl":{"start":{"line":6,"column":2},"end":{"line":6,"column":7}},"loc":{"start":{"line":6,"column":20},"end":{"line":8,"column":3}}},"1":{"name":"(anonymous_2)","decl":{"start":{"line":10,"column":2},"end":{"line":10,"column":7}},"loc":{"start":{"line":10,"column":23},"end":{"line":12,"column":3}}}},"branchMap":{},"s":{"0":2,"1":2,"2":2,"3":0,"4":0,"5":2,"6":2},"f":{"0":0,"1":0},"b":{}}
}
