TN:
SF:src/accounts/accounts.service.ts
FN:9,(anonymous_2)
FN:11,(anonymous_3)
FN:23,(anonymous_4)
FN:30,(anonymous_5)
FN:36,(anonymous_6)
FN:45,(anonymous_7)
FN:57,(anonymous_8)
FN:65,(anonymous_9)
FN:72,(anonymous_10)
FN:83,(anonymous_11)
FN:89,(anonymous_12)
FNF:11
FNH:3
FNDA:2,(anonymous_2)
FNDA:0,(anonymous_3)
FNDA:0,(anonymous_4)
FNDA:1,(anonymous_5)
FNDA:0,(anonymous_6)
FNDA:0,(anonymous_7)
FNDA:0,(anonymous_8)
FNDA:0,(anonymous_9)
FNDA:1,(anonymous_10)
FNDA:0,(anonymous_11)
FNDA:0,(anonymous_12)
DA:1,1
DA:2,1
DA:8,1
DA:9,2
DA:12,0
DA:24,0
DA:31,1
DA:32,1
DA:37,0
DA:38,0
DA:46,0
DA:47,0
DA:58,0
DA:59,0
DA:66,0
DA:67,0
DA:68,0
DA:73,1
DA:74,1
DA:75,0
DA:77,1
DA:78,0
DA:80,1
DA:85,0
DA:90,0
LF:25
LH:10
BRDA:17,0,0,0
BRDA:17,0,1,0
BRDA:51,1,0,0
BRDA:51,1,1,0
BRDA:74,2,0,0
BRDA:77,3,0,0
BRDA:85,4,0,0
BRDA:85,4,1,0
BRF:8
BRH:0
end_of_record
TN:
SF:src/budgets/budgets.service.ts
FN:12,(anonymous_2)
FN:14,(anonymous_3)
FN:37,(anonymous_4)
FN:44,(anonymous_5)
FN:51,(anonymous_6)
FNF:5
FNH:4
FNDA:7,(anonymous_2)
FNDA:4,(anonymous_3)
FNDA:0,(anonymous_4)
FNDA:3,(anonymous_5)
FNDA:3,(anonymous_6)
DA:1,1
DA:7,1
DA:11,1
DA:12,7
DA:15,4
DA:16,2
DA:19,2
DA:22,2
DA:23,1
DA:26,1
DA:38,0
DA:45,3
DA:46,1
DA:48,1
DA:52,3
DA:53,3
DA:54,1
DA:56,2
DA:57,1
DA:59,1
LF:20
LH:19
BRDA:15,0,0,2
BRDA:15,1,0,4
BRDA:15,1,1,3
BRDA:22,2,0,1
BRDA:53,3,0,1
BRDA:56,4,0,1
BRF:6
BRH:6
end_of_record
TN:
SF:src/prisma/prisma.service.ts
FN:6,(anonymous_1)
FN:10,(anonymous_2)
FNF:2
FNH:0
FNDA:0,(anonymous_1)
FNDA:0,(anonymous_2)
DA:1,2
DA:2,2
DA:5,2
DA:7,0
DA:11,0
LF:5
LH:3
BRF:0
BRH:0
end_of_record
